This is pdfTeX, Version 3.1415926-2.5-1.40.14 (TeX Live 2013) (format=pdflatex 2013.11.1)  7 SEP 2014 17:59
entering extended mode
 restricted \write18 enabled.
 file:line:error style messages enabled.
 %&-line parsing enabled.
**Rekenen_met_planten.tex
(./Rekenen_met_planten.tex
LaTeX2e <2011/06/27>
Babel <3.9f> and hyphenation patterns for 78 languages loaded.
(/usr/local/texlive/2013/texmf-dist/tex/latex/base/article.cls
Document Class: article 2007/10/19 v1.4h Standard LaTeX document class
(/usr/local/texlive/2013/texmf-dist/tex/latex/base/size10.clo
File: size10.clo 2007/10/19 v1.4h Standard LaTeX file (size option)
)
\c@part=\count79
\c@section=\count80
\c@subsection=\count81
\c@subsubsection=\count82
\c@paragraph=\count83
\c@subparagraph=\count84
\c@figure=\count85
\c@table=\count86
\abovecaptionskip=\skip41
\belowcaptionskip=\skip42
\bibindent=\dimen102
)
(/usr/local/texlive/2013/texmf-dist/tex/latex/graphics/graphicx.sty
Package: graphicx 1999/02/16 v1.0f Enhanced LaTeX Graphics (DPC,SPQR)

(/usr/local/texlive/2013/texmf-dist/tex/latex/graphics/keyval.sty
Package: keyval 1999/03/16 v1.13 key=value parser (DPC)
\KV@toks@=\toks14
)
(/usr/local/texlive/2013/texmf-dist/tex/latex/graphics/graphics.sty
Package: graphics 2009/02/05 v1.0o Standard LaTeX Graphics (DPC,SPQR)

(/usr/local/texlive/2013/texmf-dist/tex/latex/graphics/trig.sty
Package: trig 1999/03/16 v1.09 sin cos tan (DPC)
)
(/usr/local/texlive/2013/texmf-dist/tex/latex/latexconfig/graphics.cfg
File: graphics.cfg 2010/04/23 v1.9 graphics configuration of TeX Live
)
Package graphics Info: Driver file: pdftex.def on input line 91.

(/usr/local/texlive/2013/texmf-dist/tex/latex/pdftex-def/pdftex.def
File: pdftex.def 2011/05/27 v0.06d Graphics/color for pdfTeX

(/usr/local/texlive/2013/texmf-dist/tex/generic/oberdiek/infwarerr.sty
Package: infwarerr 2010/04/08 v1.3 Providing info/warning/error messages (HO)
)
(/usr/local/texlive/2013/texmf-dist/tex/generic/oberdiek/ltxcmds.sty
Package: ltxcmds 2011/11/09 v1.22 LaTeX kernel commands for general use (HO)
)
\Gread@gobject=\count87
))
\Gin@req@height=\dimen103
\Gin@req@width=\dimen104
)
(/usr/local/texlive/2013/texmf-dist/tex/latex/adjustbox/adjustbox.sty
Package: adjustbox 2012/05/21 v1.0 Adjusting TeX boxes (trim, clip, ...)

(/usr/local/texlive/2013/texmf-dist/tex/latex/xkeyval/xkeyval.sty
Package: xkeyval 2012/10/14 v2.6b package option processing (HA)

(/usr/local/texlive/2013/texmf-dist/tex/generic/xkeyval/xkeyval.tex
\XKV@toks=\toks15
\XKV@tempa@toks=\toks16
\XKV@depth=\count88
File: xkeyval.tex 2012/10/14 v2.6b key=value parser (HA)
))
(/usr/local/texlive/2013/texmf-dist/tex/latex/adjustbox/adjcalc.sty
Package: adjcalc 2012/05/16 v1.1 Provides advanced setlength with multiple back
-ends (calc, etex, pgfmath)
)
(/usr/local/texlive/2013/texmf-dist/tex/latex/adjustbox/trimclip.sty
Package: trimclip 2012/05/16 v1.0 Trim and clip general TeX material

(/usr/local/texlive/2013/texmf-dist/tex/latex/collectbox/collectbox.sty
Package: collectbox 2012/05/17 v0.4b Collect macro arguments as boxes
\collectedbox=\box26
)
\tc@llx=\dimen105
\tc@lly=\dimen106
\tc@urx=\dimen107
\tc@ury=\dimen108
Package trimclip Info: Using driver 'tc-pdftex.def'.

(/usr/local/texlive/2013/texmf-dist/tex/latex/adjustbox/tc-pdftex.def
File: tc-pdftex.def 2012/05/13 v1.0 Clipping driver for pdftex
))
\adjbox@Width=\dimen109
\adjbox@Height=\dimen110
\adjbox@Depth=\dimen111
\adjbox@Totalheight=\dimen112

(/usr/local/texlive/2013/texmf-dist/tex/latex/ifoddpage/ifoddpage.sty
Package: ifoddpage 2011/09/13 v1.0 Conditionals for odd/even page detection
\c@checkoddpage=\count89
)
(/usr/local/texlive/2013/texmf-dist/tex/latex/varwidth/varwidth.sty
Package: varwidth 2009/03/30 ver 0.92;  Variable-width minipages
\@vwid@box=\box27
\sift@deathcycles=\count90
\@vwid@loff=\dimen113
\@vwid@roff=\dimen114
))
(/usr/local/texlive/2013/texmf-dist/tex/latex/graphics/color.sty
Package: color 2005/11/14 v1.0j Standard LaTeX Color (DPC)

(/usr/local/texlive/2013/texmf-dist/tex/latex/latexconfig/color.cfg
File: color.cfg 2007/01/18 v1.5 color configuration of teTeX/TeXLive
)
Package color Info: Driver file: pdftex.def on input line 130.
)
(/usr/local/texlive/2013/texmf-dist/tex/latex/tools/enumerate.sty
Package: enumerate 1999/03/05 v3.00 enumerate extensions (DPC)
\@enLab=\toks17
)
(/usr/local/texlive/2013/texmf-dist/tex/latex/geometry/geometry.sty
Package: geometry 2010/09/12 v5.6 Page Geometry

(/usr/local/texlive/2013/texmf-dist/tex/generic/oberdiek/ifpdf.sty
Package: ifpdf 2011/01/30 v2.3 Provides the ifpdf switch (HO)
Package ifpdf Info: pdfTeX in PDF mode is detected.
)
(/usr/local/texlive/2013/texmf-dist/tex/generic/oberdiek/ifvtex.sty
Package: ifvtex 2010/03/01 v1.5 Detect VTeX and its facilities (HO)
Package ifvtex Info: VTeX not detected.
)
(/usr/local/texlive/2013/texmf-dist/tex/generic/ifxetex/ifxetex.sty
Package: ifxetex 2010/09/12 v0.6 Provides ifxetex conditional
)
\Gm@cnth=\count91
\Gm@cntv=\count92
\c@Gm@tempcnt=\count93
\Gm@bindingoffset=\dimen115
\Gm@wd@mp=\dimen116
\Gm@odd@mp=\dimen117
\Gm@even@mp=\dimen118
\Gm@layoutwidth=\dimen119
\Gm@layoutheight=\dimen120
\Gm@layouthoffset=\dimen121
\Gm@layoutvoffset=\dimen122
\Gm@dimlist=\toks18
)
(/usr/local/texlive/2013/texmf-dist/tex/latex/amsmath/amsmath.sty
Package: amsmath 2013/01/14 v2.14 AMS math features
\@mathmargin=\skip43

For additional information on amsmath, use the `?' option.
(/usr/local/texlive/2013/texmf-dist/tex/latex/amsmath/amstext.sty
Package: amstext 2000/06/29 v2.01

(/usr/local/texlive/2013/texmf-dist/tex/latex/amsmath/amsgen.sty
File: amsgen.sty 1999/11/30 v2.0
\@emptytoks=\toks19
\ex@=\dimen123
))
(/usr/local/texlive/2013/texmf-dist/tex/latex/amsmath/amsbsy.sty
Package: amsbsy 1999/11/29 v1.2d
\pmbraise@=\dimen124
)
(/usr/local/texlive/2013/texmf-dist/tex/latex/amsmath/amsopn.sty
Package: amsopn 1999/12/14 v2.01 operator names
)
\inf@bad=\count94
LaTeX Info: Redefining \frac on input line 210.
\uproot@=\count95
\leftroot@=\count96
LaTeX Info: Redefining \overline on input line 306.
\classnum@=\count97
\DOTSCASE@=\count98
LaTeX Info: Redefining \ldots on input line 378.
LaTeX Info: Redefining \dots on input line 381.
LaTeX Info: Redefining \cdots on input line 466.
\Mathstrutbox@=\box28
\strutbox@=\box29
\big@size=\dimen125
LaTeX Font Info:    Redeclaring font encoding OML on input line 566.
LaTeX Font Info:    Redeclaring font encoding OMS on input line 567.
\macc@depth=\count99
\c@MaxMatrixCols=\count100
\dotsspace@=\muskip10
\c@parentequation=\count101
\dspbrk@lvl=\count102
\tag@help=\toks20
\row@=\count103
\column@=\count104
\maxfields@=\count105
\andhelp@=\toks21
\eqnshift@=\dimen126
\alignsep@=\dimen127
\tagshift@=\dimen128
\tagwidth@=\dimen129
\totwidth@=\dimen130
\lineht@=\dimen131
\@envbody=\toks22
\multlinegap=\skip44
\multlinetaggap=\skip45
\mathdisplay@stack=\toks23
LaTeX Info: Redefining \[ on input line 2665.
LaTeX Info: Redefining \] on input line 2666.
)
(/usr/local/texlive/2013/texmf-dist/tex/latex/amsfonts/amssymb.sty
Package: amssymb 2013/01/14 v3.01 AMS font symbols

(/usr/local/texlive/2013/texmf-dist/tex/latex/amsfonts/amsfonts.sty
Package: amsfonts 2013/01/14 v3.01 Basic AMSFonts support
\symAMSa=\mathgroup4
\symAMSb=\mathgroup5
LaTeX Font Info:    Overwriting math alphabet `\mathfrak' in version `bold'
(Font)                  U/euf/m/n --> U/euf/b/n on input line 106.
))
(/usr/local/texlive/2013/texmf-dist/tex/latex/ucs/ucs.sty
Package: ucs 2013/05/11 v2.2 UCS: Unicode input support

(/usr/local/texlive/2013/texmf-dist/tex/latex/ucs/data/uni-global.def
File: uni-global.def 2013/05/13 UCS: Unicode global data
)
\uc@secondtry=\count106
\uc@combtoks=\toks24
\uc@combtoksb=\toks25
\uc@temptokena=\toks26
)
(/usr/local/texlive/2013/texmf-dist/tex/latex/base/inputenc.sty
Package: inputenc 2008/03/30 v1.1d Input encoding file
\inpenc@prehook=\toks27
\inpenc@posthook=\toks28

(/usr/local/texlive/2013/texmf-dist/tex/latex/ucs/utf8x.def
File: utf8x.def 2004/10/17 UCS: Input encoding UTF-8
))
(/usr/local/texlive/2013/texmf-dist/tex/latex/fancyvrb/fancyvrb.sty
Package: fancyvrb 2008/02/07

Style option: `fancyvrb' v2.7a, with DG/SPQR fixes, and firstline=lastline fix 
<2008/02/07> (tvz)
\FV@CodeLineNo=\count107
\FV@InFile=\read1
\FV@TabBox=\box30
\c@FancyVerbLine=\count108
\FV@StepNumber=\count109
\FV@OutFile=\write3
)
(/usr/local/texlive/2013/texmf-dist/tex/latex/oberdiek/grffile.sty
Package: grffile 2012/04/05 v1.16 Extended file name support for graphics (HO)

(/usr/local/texlive/2013/texmf-dist/tex/latex/oberdiek/kvoptions.sty
Package: kvoptions 2011/06/30 v3.11 Key value format for package options (HO)

(/usr/local/texlive/2013/texmf-dist/tex/generic/oberdiek/kvsetkeys.sty
Package: kvsetkeys 2012/04/25 v1.16 Key value parser (HO)

(/usr/local/texlive/2013/texmf-dist/tex/generic/oberdiek/etexcmds.sty
Package: etexcmds 2011/02/16 v1.5 Avoid name clashes with e-TeX commands (HO)

(/usr/local/texlive/2013/texmf-dist/tex/generic/oberdiek/ifluatex.sty
Package: ifluatex 2010/03/01 v1.3 Provides the ifluatex switch (HO)
Package ifluatex Info: LuaTeX not detected.
)
Package etexcmds Info: Could not find \expanded.
(etexcmds)             That can mean that you are not using pdfTeX 1.50 or
(etexcmds)             that some package has redefined \expanded.
(etexcmds)             In the latter case, load this package earlier.
)))
(/usr/local/texlive/2013/texmf-dist/tex/generic/oberdiek/pdftexcmds.sty
Package: pdftexcmds 2011/11/29 v0.20 Utility functions of pdfTeX for LuaTeX (HO
)
Package pdftexcmds Info: LuaTeX not detected.
Package pdftexcmds Info: \pdf@primitive is available.
Package pdftexcmds Info: \pdf@ifprimitive is available.
Package pdftexcmds Info: \pdfdraftmode found.
)
Package grffile Info: Option `multidot' is set to `true'.
Package grffile Info: Option `extendedchars' is set to `false'.
Package grffile Info: Option `space' is set to `true'.
Package grffile Info: \Gin@ii of package `graphicx' fixed on input line 486.
)
(/usr/local/texlive/2013/texmf-dist/tex/latex/hyperref/hyperref.sty
Package: hyperref 2012/11/06 v6.83m Hypertext links for LaTeX

(/usr/local/texlive/2013/texmf-dist/tex/generic/oberdiek/hobsub-hyperref.sty
Package: hobsub-hyperref 2012/05/28 v1.13 Bundle oberdiek, subset hyperref (HO)


(/usr/local/texlive/2013/texmf-dist/tex/generic/oberdiek/hobsub-generic.sty
Package: hobsub-generic 2012/05/28 v1.13 Bundle oberdiek, subset generic (HO)
Package: hobsub 2012/05/28 v1.13 Construct package bundles (HO)
Package hobsub Info: Skipping package `infwarerr' (already loaded).
Package hobsub Info: Skipping package `ltxcmds' (already loaded).
Package hobsub Info: Skipping package `ifluatex' (already loaded).
Package hobsub Info: Skipping package `ifvtex' (already loaded).
Package: intcalc 2007/09/27 v1.1 Expandable calculations with integers (HO)
Package hobsub Info: Skipping package `ifpdf' (already loaded).
Package hobsub Info: Skipping package `etexcmds' (already loaded).
Package hobsub Info: Skipping package `kvsetkeys' (already loaded).
Package: kvdefinekeys 2011/04/07 v1.3 Define keys (HO)
Package hobsub Info: Skipping package `pdftexcmds' (already loaded).
Package: pdfescape 2011/11/25 v1.13 Implements pdfTeX's escape features (HO)
Package: bigintcalc 2012/04/08 v1.3 Expandable calculations on big integers (HO
)
Package: bitset 2011/01/30 v1.1 Handle bit-vector datatype (HO)
Package: uniquecounter 2011/01/30 v1.2 Provide unlimited unique counter (HO)
)
Package hobsub Info: Skipping package `hobsub' (already loaded).
Package: letltxmacro 2010/09/02 v1.4 Let assignment for LaTeX macros (HO)
Package: hopatch 2012/05/28 v1.2 Wrapper for package hooks (HO)
Package: xcolor-patch 2011/01/30 xcolor patch
Package: atveryend 2011/06/30 v1.8 Hooks at the very end of document (HO)
Package atveryend Info: \enddocument detected (standard20110627).
Package: atbegshi 2011/10/05 v1.16 At begin shipout hook (HO)
Package: refcount 2011/10/16 v3.4 Data extraction from label references (HO)
Package: hycolor 2011/01/30 v1.7 Color options for hyperref/bookmark (HO)
)
(/usr/local/texlive/2013/texmf-dist/tex/latex/oberdiek/auxhook.sty
Package: auxhook 2011/03/04 v1.3 Hooks for auxiliary files (HO)
)
\@linkdim=\dimen132
\Hy@linkcounter=\count110
\Hy@pagecounter=\count111

(/usr/local/texlive/2013/texmf-dist/tex/latex/hyperref/pd1enc.def
File: pd1enc.def 2012/11/06 v6.83m Hyperref: PDFDocEncoding definition (HO)
)
\Hy@SavedSpaceFactor=\count112

(/usr/local/texlive/2013/texmf-dist/tex/latex/latexconfig/hyperref.cfg
File: hyperref.cfg 2002/06/06 v1.2 hyperref configuration of TeXLive
)
Package hyperref Info: Hyper figures OFF on input line 4443.
Package hyperref Info: Link nesting OFF on input line 4448.
Package hyperref Info: Hyper index ON on input line 4451.
Package hyperref Info: Plain pages OFF on input line 4458.
Package hyperref Info: Backreferencing OFF on input line 4463.
Package hyperref Info: Implicit mode ON; LaTeX internals redefined.
Package hyperref Info: Bookmarks ON on input line 4688.
\c@Hy@tempcnt=\count113

(/usr/local/texlive/2013/texmf-dist/tex/latex/url/url.sty
\Urlmuskip=\muskip11
Package: url 2006/04/12  ver 3.3  Verb mode for urls, etc.
)
LaTeX Info: Redefining \url on input line 5041.
\XeTeXLinkMargin=\dimen133
\Fld@menulength=\count114
\Field@Width=\dimen134
\Fld@charsize=\dimen135
Package hyperref Info: Hyper figures OFF on input line 6295.
Package hyperref Info: Link nesting OFF on input line 6300.
Package hyperref Info: Hyper index ON on input line 6303.
Package hyperref Info: backreferencing OFF on input line 6310.
Package hyperref Info: Link coloring OFF on input line 6315.
Package hyperref Info: Link coloring with OCG OFF on input line 6320.
Package hyperref Info: PDF/A mode OFF on input line 6325.
LaTeX Info: Redefining \ref on input line 6365.
LaTeX Info: Redefining \pageref on input line 6369.
\Hy@abspage=\count115
\c@Item=\count116
\c@Hfootnote=\count117
)

Package hyperref Message: Driver (autodetected): hpdftex.

(/usr/local/texlive/2013/texmf-dist/tex/latex/hyperref/hpdftex.def
File: hpdftex.def 2012/11/06 v6.83m Hyperref driver for pdfTeX
\Fld@listcount=\count118
\c@bookmark@seq@number=\count119

(/usr/local/texlive/2013/texmf-dist/tex/latex/oberdiek/rerunfilecheck.sty
Package: rerunfilecheck 2011/04/15 v1.7 Rerun checks for auxiliary files (HO)
Package uniquecounter Info: New unique counter `rerunfilecheck' on input line 2
82.
)
\Hy@SectionHShift=\skip46
)
(/usr/local/texlive/2013/texmf-dist/tex/latex/tools/longtable.sty
Package: longtable 2004/02/01 v4.11 Multi-page Table package (DPC)
\LTleft=\skip47
\LTright=\skip48
\LTpre=\skip49
\LTpost=\skip50
\LTchunksize=\count120
\LTcapwidth=\dimen136
\LT@head=\box31
\LT@firsthead=\box32
\LT@foot=\box33
\LT@lastfoot=\box34
\LT@cols=\count121
\LT@rows=\count122
\c@LT@tables=\count123
\c@LT@chunks=\count124
\LT@p@ftn=\toks29
)
(/usr/local/texlive/2013/texmf-dist/tex/latex/booktabs/booktabs.sty
Package: booktabs 2005/04/14 v1.61803 publication quality tables
\heavyrulewidth=\dimen137
\lightrulewidth=\dimen138
\cmidrulewidth=\dimen139
\belowrulesep=\dimen140
\belowbottomsep=\dimen141
\aboverulesep=\dimen142
\abovetopsep=\dimen143
\cmidrulesep=\dimen144
\cmidrulekern=\dimen145
\defaultaddspace=\dimen146
\@cmidla=\count125
\@cmidlb=\count126
\@aboverulesep=\dimen147
\@belowrulesep=\dimen148
\@thisruleclass=\count127
\@lastruleclass=\count128
\@thisrulewidth=\dimen149
)
Package color Info: Redefining color red on input line 50.
Package color Info: Redefining color green on input line 51.
Package color Info: Redefining color blue on input line 53.
Package color Info: Redefining color cyan on input line 55.
Package color Info: Redefining color lightgray on input line 56.
Package hyperref Info: Option `breaklinks' set `true' on input line 210.
Package hyperref Info: Option `colorlinks' set `true' on input line 210.

(./Rekenen_met_planten.aux)
\openout1 = `Rekenen_met_planten.aux'.

LaTeX Font Info:    Checking defaults for OML/cmm/m/it on input line 217.
LaTeX Font Info:    ... okay on input line 217.
LaTeX Font Info:    Checking defaults for T1/cmr/m/n on input line 217.
LaTeX Font Info:    ... okay on input line 217.
LaTeX Font Info:    Checking defaults for OT1/cmr/m/n on input line 217.
LaTeX Font Info:    ... okay on input line 217.
LaTeX Font Info:    Checking defaults for OMS/cmsy/m/n on input line 217.
LaTeX Font Info:    ... okay on input line 217.
LaTeX Font Info:    Checking defaults for OMX/cmex/m/n on input line 217.
LaTeX Font Info:    ... okay on input line 217.
LaTeX Font Info:    Checking defaults for U/cmr/m/n on input line 217.
LaTeX Font Info:    ... okay on input line 217.
LaTeX Font Info:    Checking defaults for PD1/pdf/m/n on input line 217.
LaTeX Font Info:    ... okay on input line 217.

(/usr/local/texlive/2013/texmf-dist/tex/context/base/supp-pdf.mkii
[Loading MPS to PDF converter (version 2006.09.02).]
\scratchcounter=\count129
\scratchdimen=\dimen150
\scratchbox=\box35
\nofMPsegments=\count130
\nofMParguments=\count131
\everyMPshowfont=\toks30
\MPscratchCnt=\count132
\MPscratchDim=\dimen151
\MPnumerator=\count133
\makeMPintoPDFobject=\count134
\everyMPtoPDFconversion=\toks31
) (/usr/local/texlive/2013/texmf-dist/tex/latex/oberdiek/epstopdf-base.sty
Package: epstopdf-base 2010/02/09 v2.5 Base part for package epstopdf

(/usr/local/texlive/2013/texmf-dist/tex/latex/oberdiek/grfext.sty
Package: grfext 2010/08/19 v1.1 Manage graphics extensions (HO)
)
Package grfext Info: Graphics extension search list:
(grfext)             [.png,.pdf,.jpg,.mps,.jpeg,.jbig2,.jb2,.PNG,.PDF,.JPG,.JPE
G,.JBIG2,.JB2,.eps]
(grfext)             \AppendGraphicsExtensions on input line 452.

(/usr/local/texlive/2013/texmf-dist/tex/latex/latexconfig/epstopdf-sys.cfg
File: epstopdf-sys.cfg 2010/07/13 v1.3 Configuration of (r)epstopdf for TeX Liv
e
))
*geometry* driver: auto-detecting
*geometry* detected driver: pdftex

Package geometry Warning: The marginal notes overrun the paper.
     Add 3.73001pt and more to the right margin.

*geometry* verbose mode - [ preamble ] result:
* driver: pdftex
* paper: <default>
* layout: <same size as paper>
* layoutoffset:(h,v)=(0.0pt,0.0pt)
* modes: 
* h-part:(L,W,R)=(72.26999pt, 469.75502pt, 72.26999pt)
* v-part:(T,H,B)=(72.26999pt, 650.43001pt, 72.26999pt)
* \paperwidth=614.295pt
* \paperheight=794.96999pt
* \textwidth=469.75502pt
* \textheight=650.43001pt
* \oddsidemargin=0.0pt
* \evensidemargin=0.0pt
* \topmargin=-37.0pt
* \headheight=12.0pt
* \headsep=25.0pt
* \topskip=10.0pt
* \footskip=30.0pt
* \marginparwidth=65.0pt
* \marginparsep=11.0pt
* \columnsep=10.0pt
* \skip\footins=9.0pt plus 4.0pt minus 2.0pt
* \hoffset=0.0pt
* \voffset=0.0pt
* \mag=1000
* \@twocolumnfalse
* \@twosidefalse
* \@mparswitchfalse
* \@reversemarginfalse
* (1in=72.27pt=25.4mm, 1cm=28.453pt)

(/usr/local/texlive/2013/texmf-dist/tex/latex/ucs/ucsencs.def
File: ucsencs.def 2011/01/21 Fixes to fontencodings LGR, T3
)
\AtBeginShipoutBox=\box36
Package hyperref Info: Link coloring ON on input line 217.

(/usr/local/texlive/2013/texmf-dist/tex/latex/hyperref/nameref.sty
Package: nameref 2012/10/27 v2.43 Cross-referencing by name of section

(/usr/local/texlive/2013/texmf-dist/tex/generic/oberdiek/gettitlestring.sty
Package: gettitlestring 2010/12/03 v1.4 Cleanup title references (HO)
)
\c@section@level=\count135
)
LaTeX Info: Redefining \ref on input line 217.
LaTeX Info: Redefining \pageref on input line 217.
LaTeX Info: Redefining \nameref on input line 217.

(./Rekenen_met_planten.out) (./Rekenen_met_planten.out)
\@outlinefile=\write4
\openout4 = `Rekenen_met_planten.out'.

LaTeX Font Info:    Try loading font information for U+msa on input line 221.

(/usr/local/texlive/2013/texmf-dist/tex/latex/amsfonts/umsa.fd
File: umsa.fd 2013/01/14 v3.01 AMS symbols A
)
LaTeX Font Info:    Try loading font information for U+msb on input line 221.

(/usr/local/texlive/2013/texmf-dist/tex/latex/amsfonts/umsb.fd
File: umsb.fd 2013/01/14 v3.01 AMS symbols B
)

LaTeX Warning: No \author given.

LaTeX Font Info:    Try loading font information for OMS+cmr on input line 233.

(/usr/local/texlive/2013/texmf-dist/tex/latex/base/omscmr.fd
File: omscmr.fd 1999/05/25 v2.5h Standard LaTeX font definitions
)
LaTeX Font Info:    Font shape `OMS/cmr/m/n' in size <10> not available
(Font)              Font shape `OMS/cmsy/m/n' tried instead on input line 233.
LaTeX Font Info:    Font shape `OT1/cmtt/bx/n' in size <10> not available
(Font)              Font shape `OT1/cmtt/m/n' tried instead on input line 241.
 [1

{/usr/local/texlive/2013/texmf-var/fonts/map/pdftex/updmap/pdftex.map}]
<Rekenen_met_planten_files/Rekenen_met_planten_5_0.png, id=20, 496.85625pt x 36
6.36874pt>
File: Rekenen_met_planten_files/Rekenen_met_planten_5_0.png Graphic file (type 
png)
 <use Rekenen_met_planten_files/Rekenen_met_planten_5_0.png>
Package pdftex.def Info: Rekenen_met_planten_files/Rekenen_met_planten_5_0.png 
used on input line 313.
(pdftex.def)             Requested size: 496.85503pt x 366.36784pt.

Underfull \hbox (badness 10000) in paragraph at lines 315--316

 []

[2 <./Rekenen_met_planten_files/Rekenen_met_planten_5_0.png>]
<Rekenen_met_planten_files/Rekenen_met_planten_8_0.png, id=27, 496.85625pt x 36
6.36874pt>
File: Rekenen_met_planten_files/Rekenen_met_planten_8_0.png Graphic file (type 
png)
 <use Rekenen_met_planten_files/Rekenen_met_planten_8_0.png>
Package pdftex.def Info: Rekenen_met_planten_files/Rekenen_met_planten_8_0.png 
used on input line 368.
(pdftex.def)             Requested size: 496.85503pt x 366.36784pt.
 [3]
Underfull \hbox (badness 10000) in paragraph at lines 370--371

 []


<Rekenen_met_planten_files/Rekenen_met_planten_9_0.png, id=32, 502.87875pt x 36
6.36874pt>
File: Rekenen_met_planten_files/Rekenen_met_planten_9_0.png Graphic file (type 
png)
 <use Rekenen_met_planten_files/Rekenen_met_planten_9_0.png>
Package pdftex.def Info: Rekenen_met_planten_files/Rekenen_met_planten_9_0.png 
used on input line 387.
(pdftex.def)             Requested size: 502.87752pt x 366.36784pt.
 [4 <./Rekenen_met_planten_files/Rekenen_met_planten_8_0.png>]
Underfull \hbox (badness 10000) in paragraph at lines 389--390

 []

[5 <./Rekenen_met_planten_files/Rekenen_met_planten_9_0.png>]
<Rekenen_met_planten_files/Rekenen_met_planten_10_2.png, id=43, 508.90125pt x 3
66.36874pt>
File: Rekenen_met_planten_files/Rekenen_met_planten_10_2.png Graphic file (type
 png)
 <use Rekenen_met_planten_files/Rekenen_met_planten_10_2.png>
Package pdftex.def Info: Rekenen_met_planten_files/Rekenen_met_planten_10_2.png
 used on input line 433.
(pdftex.def)             Requested size: 508.90001pt x 366.36784pt.

Underfull \hbox (badness 10000) in paragraph at lines 435--436

 []


<Rekenen_met_planten_files/Rekenen_met_planten_10_4.png, id=44, 508.90125pt x 3
66.36874pt>
File: Rekenen_met_planten_files/Rekenen_met_planten_10_4.png Graphic file (type
 png)
 <use Rekenen_met_planten_files/Rekenen_met_planten_10_4.png>
Package pdftex.def Info: Rekenen_met_planten_files/Rekenen_met_planten_10_4.png
 used on input line 443.
(pdftex.def)             Requested size: 508.90001pt x 366.36784pt.

[6 <./Rekenen_met_planten_files/Rekenen_met_planten_10_2.png>]
Underfull \hbox (badness 10000) in paragraph at lines 445--446

 []


<Rekenen_met_planten_files/Rekenen_met_planten_10_6.png, id=50, 508.90125pt x 3
66.36874pt>
File: Rekenen_met_planten_files/Rekenen_met_planten_10_6.png Graphic file (type
 png)
 <use Rekenen_met_planten_files/Rekenen_met_planten_10_6.png>
Package pdftex.def Info: Rekenen_met_planten_files/Rekenen_met_planten_10_6.png
 used on input line 453.
(pdftex.def)             Requested size: 508.90001pt x 366.36784pt.

[7 <./Rekenen_met_planten_files/Rekenen_met_planten_10_4.png>]
Underfull \hbox (badness 10000) in paragraph at lines 455--456

 []


<Rekenen_met_planten_files/Rekenen_met_planten_10_8.png, id=57, 508.90125pt x 3
66.36874pt>
File: Rekenen_met_planten_files/Rekenen_met_planten_10_8.png Graphic file (type
 png)
 <use Rekenen_met_planten_files/Rekenen_met_planten_10_8.png>
Package pdftex.def Info: Rekenen_met_planten_files/Rekenen_met_planten_10_8.png
 used on input line 463.
(pdftex.def)             Requested size: 508.90001pt x 366.36784pt.

[8 <./Rekenen_met_planten_files/Rekenen_met_planten_10_6.png>]
Underfull \hbox (badness 10000) in paragraph at lines 465--466

 []


<Rekenen_met_planten_files/Rekenen_met_planten_10_10.png, id=63, 508.90125pt x 
366.36874pt>
File: Rekenen_met_planten_files/Rekenen_met_planten_10_10.png Graphic file (typ
e png)
 <use Rekenen_met_planten_files/Rekenen_met_planten_10_10.png>
Package pdftex.def Info: Rekenen_met_planten_files/Rekenen_met_planten_10_10.pn
g used on input line 473.
(pdftex.def)             Requested size: 508.90001pt x 366.36784pt.

[9 <./Rekenen_met_planten_files/Rekenen_met_planten_10_8.png>]
Underfull \hbox (badness 10000) in paragraph at lines 475--476

 []


<Rekenen_met_planten_files/Rekenen_met_planten_10_12.png, id=69, 508.90125pt x 
366.36874pt>
File: Rekenen_met_planten_files/Rekenen_met_planten_10_12.png Graphic file (typ
e png)
 <use Rekenen_met_planten_files/Rekenen_met_planten_10_12.png>
Package pdftex.def Info: Rekenen_met_planten_files/Rekenen_met_planten_10_12.pn
g used on input line 483.
(pdftex.def)             Requested size: 508.90001pt x 366.36784pt.

[10 <./Rekenen_met_planten_files/Rekenen_met_planten_10_10.png>]
Underfull \hbox (badness 10000) in paragraph at lines 485--486

 []


<Rekenen_met_planten_files/Rekenen_met_planten_10_14.png, id=75, 508.90125pt x 
366.36874pt>
File: Rekenen_met_planten_files/Rekenen_met_planten_10_14.png Graphic file (typ
e png)
 <use Rekenen_met_planten_files/Rekenen_met_planten_10_14.png>
Package pdftex.def Info: Rekenen_met_planten_files/Rekenen_met_planten_10_14.pn
g used on input line 493.
(pdftex.def)             Requested size: 508.90001pt x 366.36784pt.

[11 <./Rekenen_met_planten_files/Rekenen_met_planten_10_12.png>]
Underfull \hbox (badness 10000) in paragraph at lines 495--496

 []


<Rekenen_met_planten_files/Rekenen_met_planten_10_16.png, id=81, 508.90125pt x 
366.36874pt>
File: Rekenen_met_planten_files/Rekenen_met_planten_10_16.png Graphic file (typ
e png)
 <use Rekenen_met_planten_files/Rekenen_met_planten_10_16.png>
Package pdftex.def Info: Rekenen_met_planten_files/Rekenen_met_planten_10_16.pn
g used on input line 503.
(pdftex.def)             Requested size: 508.90001pt x 366.36784pt.

[12 <./Rekenen_met_planten_files/Rekenen_met_planten_10_14.png>]
Underfull \hbox (badness 10000) in paragraph at lines 505--506

 []


<Rekenen_met_planten_files/Rekenen_met_planten_10_18.png, id=87, 508.90125pt x 
366.36874pt>
File: Rekenen_met_planten_files/Rekenen_met_planten_10_18.png Graphic file (typ
e png)
 <use Rekenen_met_planten_files/Rekenen_met_planten_10_18.png>
Package pdftex.def Info: Rekenen_met_planten_files/Rekenen_met_planten_10_18.pn
g used on input line 513.
(pdftex.def)             Requested size: 508.90001pt x 366.36784pt.

[13 <./Rekenen_met_planten_files/Rekenen_met_planten_10_16.png>]
Underfull \hbox (badness 10000) in paragraph at lines 515--516

 []


<Rekenen_met_planten_files/Rekenen_met_planten_10_20.png, id=94, 508.90125pt x 
366.36874pt>
File: Rekenen_met_planten_files/Rekenen_met_planten_10_20.png Graphic file (typ
e png)
 <use Rekenen_met_planten_files/Rekenen_met_planten_10_20.png>
Package pdftex.def Info: Rekenen_met_planten_files/Rekenen_met_planten_10_20.pn
g used on input line 523.
(pdftex.def)             Requested size: 508.90001pt x 366.36784pt.

[14 <./Rekenen_met_planten_files/Rekenen_met_planten_10_18.png>]
Underfull \hbox (badness 10000) in paragraph at lines 525--526

 []


<Rekenen_met_planten_files/Rekenen_met_planten_10_22.png, id=100, 508.90125pt x
 366.36874pt>
File: Rekenen_met_planten_files/Rekenen_met_planten_10_22.png Graphic file (typ
e png)
 <use Rekenen_met_planten_files/Rekenen_met_planten_10_22.png>
Package pdftex.def Info: Rekenen_met_planten_files/Rekenen_met_planten_10_22.pn
g used on input line 533.
(pdftex.def)             Requested size: 508.90001pt x 366.36784pt.

[15 <./Rekenen_met_planten_files/Rekenen_met_planten_10_20.png>]
Underfull \hbox (badness 10000) in paragraph at lines 535--536

 []


<Rekenen_met_planten_files/Rekenen_met_planten_10_24.png, id=106, 508.90125pt x
 366.36874pt>
File: Rekenen_met_planten_files/Rekenen_met_planten_10_24.png Graphic file (typ
e png)
 <use Rekenen_met_planten_files/Rekenen_met_planten_10_24.png>
Package pdftex.def Info: Rekenen_met_planten_files/Rekenen_met_planten_10_24.pn
g used on input line 543.
(pdftex.def)             Requested size: 508.90001pt x 366.36784pt.

[16 <./Rekenen_met_planten_files/Rekenen_met_planten_10_22.png>]
Underfull \hbox (badness 10000) in paragraph at lines 545--546

 []


<Rekenen_met_planten_files/Rekenen_met_planten_10_26.png, id=112, 508.90125pt x
 366.36874pt>
File: Rekenen_met_planten_files/Rekenen_met_planten_10_26.png Graphic file (typ
e png)
 <use Rekenen_met_planten_files/Rekenen_met_planten_10_26.png>
Package pdftex.def Info: Rekenen_met_planten_files/Rekenen_met_planten_10_26.pn
g used on input line 553.
(pdftex.def)             Requested size: 508.90001pt x 366.36784pt.

[17 <./Rekenen_met_planten_files/Rekenen_met_planten_10_24.png>]
Underfull \hbox (badness 10000) in paragraph at lines 555--556

 []


<Rekenen_met_planten_files/Rekenen_met_planten_10_28.png, id=118, 508.90125pt x
 366.36874pt>
File: Rekenen_met_planten_files/Rekenen_met_planten_10_28.png Graphic file (typ
e png)
 <use Rekenen_met_planten_files/Rekenen_met_planten_10_28.png>
Package pdftex.def Info: Rekenen_met_planten_files/Rekenen_met_planten_10_28.pn
g used on input line 563.
(pdftex.def)             Requested size: 508.90001pt x 366.36784pt.

[18 <./Rekenen_met_planten_files/Rekenen_met_planten_10_26.png>]
Underfull \hbox (badness 10000) in paragraph at lines 565--566

 []


<Rekenen_met_planten_files/Rekenen_met_planten_10_30.png, id=124, 508.90125pt x
 366.36874pt>
File: Rekenen_met_planten_files/Rekenen_met_planten_10_30.png Graphic file (typ
e png)
 <use Rekenen_met_planten_files/Rekenen_met_planten_10_30.png>
Package pdftex.def Info: Rekenen_met_planten_files/Rekenen_met_planten_10_30.pn
g used on input line 573.
(pdftex.def)             Requested size: 508.90001pt x 366.36784pt.

[19 <./Rekenen_met_planten_files/Rekenen_met_planten_10_28.png>]
Underfull \hbox (badness 10000) in paragraph at lines 575--576

 []


<Rekenen_met_planten_files/Rekenen_met_planten_10_32.png, id=131, 508.90125pt x
 366.36874pt>
File: Rekenen_met_planten_files/Rekenen_met_planten_10_32.png Graphic file (typ
e png)
 <use Rekenen_met_planten_files/Rekenen_met_planten_10_32.png>
Package pdftex.def Info: Rekenen_met_planten_files/Rekenen_met_planten_10_32.pn
g used on input line 583.
(pdftex.def)             Requested size: 508.90001pt x 366.36784pt.

[20 <./Rekenen_met_planten_files/Rekenen_met_planten_10_30.png>]
Underfull \hbox (badness 10000) in paragraph at lines 585--586

 []


<Rekenen_met_planten_files/Rekenen_met_planten_10_34.png, id=137, 508.90125pt x
 366.36874pt>
File: Rekenen_met_planten_files/Rekenen_met_planten_10_34.png Graphic file (typ
e png)
 <use Rekenen_met_planten_files/Rekenen_met_planten_10_34.png>
Package pdftex.def Info: Rekenen_met_planten_files/Rekenen_met_planten_10_34.pn
g used on input line 593.
(pdftex.def)             Requested size: 508.90001pt x 366.36784pt.

[21 <./Rekenen_met_planten_files/Rekenen_met_planten_10_32.png>]
Underfull \hbox (badness 10000) in paragraph at lines 595--596

 []


<Rekenen_met_planten_files/Rekenen_met_planten_10_36.png, id=143, 508.90125pt x
 366.36874pt>
File: Rekenen_met_planten_files/Rekenen_met_planten_10_36.png Graphic file (typ
e png)
 <use Rekenen_met_planten_files/Rekenen_met_planten_10_36.png>
Package pdftex.def Info: Rekenen_met_planten_files/Rekenen_met_planten_10_36.pn
g used on input line 603.
(pdftex.def)             Requested size: 508.90001pt x 366.36784pt.

[22 <./Rekenen_met_planten_files/Rekenen_met_planten_10_34.png>]
Underfull \hbox (badness 10000) in paragraph at lines 605--606

 []


<Rekenen_met_planten_files/Rekenen_met_planten_10_38.png, id=149, 508.90125pt x
 366.36874pt>
File: Rekenen_met_planten_files/Rekenen_met_planten_10_38.png Graphic file (typ
e png)
 <use Rekenen_met_planten_files/Rekenen_met_planten_10_38.png>
Package pdftex.def Info: Rekenen_met_planten_files/Rekenen_met_planten_10_38.pn
g used on input line 613.
(pdftex.def)             Requested size: 508.90001pt x 366.36784pt.

[23 <./Rekenen_met_planten_files/Rekenen_met_planten_10_36.png>]
Underfull \hbox (badness 10000) in paragraph at lines 615--616

 []


<Rekenen_met_planten_files/Rekenen_met_planten_10_40.png, id=155, 508.90125pt x
 366.36874pt>
File: Rekenen_met_planten_files/Rekenen_met_planten_10_40.png Graphic file (typ
e png)
 <use Rekenen_met_planten_files/Rekenen_met_planten_10_40.png>
Package pdftex.def Info: Rekenen_met_planten_files/Rekenen_met_planten_10_40.pn
g used on input line 623.
(pdftex.def)             Requested size: 508.90001pt x 366.36784pt.

[24 <./Rekenen_met_planten_files/Rekenen_met_planten_10_38.png>]
Underfull \hbox (badness 10000) in paragraph at lines 625--626

 []


<Rekenen_met_planten_files/Rekenen_met_planten_10_42.png, id=161, 508.90125pt x
 366.36874pt>
File: Rekenen_met_planten_files/Rekenen_met_planten_10_42.png Graphic file (typ
e png)
 <use Rekenen_met_planten_files/Rekenen_met_planten_10_42.png>
Package pdftex.def Info: Rekenen_met_planten_files/Rekenen_met_planten_10_42.pn
g used on input line 633.
(pdftex.def)             Requested size: 508.90001pt x 366.36784pt.

[25 <./Rekenen_met_planten_files/Rekenen_met_planten_10_40.png>]
Underfull \hbox (badness 10000) in paragraph at lines 635--636

 []


<Rekenen_met_planten_files/Rekenen_met_planten_10_44.png, id=168, 508.90125pt x
 366.36874pt>
File: Rekenen_met_planten_files/Rekenen_met_planten_10_44.png Graphic file (typ
e png)
 <use Rekenen_met_planten_files/Rekenen_met_planten_10_44.png>
Package pdftex.def Info: Rekenen_met_planten_files/Rekenen_met_planten_10_44.pn
g used on input line 643.
(pdftex.def)             Requested size: 508.90001pt x 366.36784pt.

[26 <./Rekenen_met_planten_files/Rekenen_met_planten_10_42.png>]
Underfull \hbox (badness 10000) in paragraph at lines 645--646

 []


<Rekenen_met_planten_files/Rekenen_met_planten_10_46.png, id=174, 508.90125pt x
 366.36874pt>
File: Rekenen_met_planten_files/Rekenen_met_planten_10_46.png Graphic file (typ
e png)
 <use Rekenen_met_planten_files/Rekenen_met_planten_10_46.png>
Package pdftex.def Info: Rekenen_met_planten_files/Rekenen_met_planten_10_46.pn
g used on input line 653.
(pdftex.def)             Requested size: 508.90001pt x 366.36784pt.

[27 <./Rekenen_met_planten_files/Rekenen_met_planten_10_44.png>]
Underfull \hbox (badness 10000) in paragraph at lines 655--656

 []


<Rekenen_met_planten_files/Rekenen_met_planten_10_48.png, id=180, 508.90125pt x
 366.36874pt>
File: Rekenen_met_planten_files/Rekenen_met_planten_10_48.png Graphic file (typ
e png)
 <use Rekenen_met_planten_files/Rekenen_met_planten_10_48.png>
Package pdftex.def Info: Rekenen_met_planten_files/Rekenen_met_planten_10_48.pn
g used on input line 663.
(pdftex.def)             Requested size: 508.90001pt x 366.36784pt.

[28 <./Rekenen_met_planten_files/Rekenen_met_planten_10_46.png>]
Underfull \hbox (badness 10000) in paragraph at lines 665--666

 []


<Rekenen_met_planten_files/Rekenen_met_planten_10_50.png, id=186, 508.90125pt x
 366.36874pt>
File: Rekenen_met_planten_files/Rekenen_met_planten_10_50.png Graphic file (typ
e png)
 <use Rekenen_met_planten_files/Rekenen_met_planten_10_50.png>
Package pdftex.def Info: Rekenen_met_planten_files/Rekenen_met_planten_10_50.pn
g used on input line 673.
(pdftex.def)             Requested size: 508.90001pt x 366.36784pt.

[29 <./Rekenen_met_planten_files/Rekenen_met_planten_10_48.png>]
Underfull \hbox (badness 10000) in paragraph at lines 675--676

 []


<Rekenen_met_planten_files/Rekenen_met_planten_10_52.png, id=192, 508.90125pt x
 366.36874pt>
File: Rekenen_met_planten_files/Rekenen_met_planten_10_52.png Graphic file (typ
e png)
 <use Rekenen_met_planten_files/Rekenen_met_planten_10_52.png>
Package pdftex.def Info: Rekenen_met_planten_files/Rekenen_met_planten_10_52.pn
g used on input line 683.
(pdftex.def)             Requested size: 508.90001pt x 366.36784pt.

[30 <./Rekenen_met_planten_files/Rekenen_met_planten_10_50.png>]
Underfull \hbox (badness 10000) in paragraph at lines 685--686

 []


<Rekenen_met_planten_files/Rekenen_met_planten_10_54.png, id=198, 508.90125pt x
 366.36874pt>
File: Rekenen_met_planten_files/Rekenen_met_planten_10_54.png Graphic file (typ
e png)
 <use Rekenen_met_planten_files/Rekenen_met_planten_10_54.png>
Package pdftex.def Info: Rekenen_met_planten_files/Rekenen_met_planten_10_54.pn
g used on input line 693.
(pdftex.def)             Requested size: 508.90001pt x 366.36784pt.

[31 <./Rekenen_met_planten_files/Rekenen_met_planten_10_52.png>]
Underfull \hbox (badness 10000) in paragraph at lines 695--696

 []


<Rekenen_met_planten_files/Rekenen_met_planten_10_56.png, id=205, 508.90125pt x
 366.36874pt>
File: Rekenen_met_planten_files/Rekenen_met_planten_10_56.png Graphic file (typ
e png)
 <use Rekenen_met_planten_files/Rekenen_met_planten_10_56.png>
Package pdftex.def Info: Rekenen_met_planten_files/Rekenen_met_planten_10_56.pn
g used on input line 703.
(pdftex.def)             Requested size: 508.90001pt x 366.36784pt.

[32 <./Rekenen_met_planten_files/Rekenen_met_planten_10_54.png>]
Underfull \hbox (badness 10000) in paragraph at lines 705--706

 []


<Rekenen_met_planten_files/Rekenen_met_planten_10_58.png, id=212, 508.90125pt x
 366.36874pt>
File: Rekenen_met_planten_files/Rekenen_met_planten_10_58.png Graphic file (typ
e png)
 <use Rekenen_met_planten_files/Rekenen_met_planten_10_58.png>
Package pdftex.def Info: Rekenen_met_planten_files/Rekenen_met_planten_10_58.pn
g used on input line 713.
(pdftex.def)             Requested size: 508.90001pt x 366.36784pt.

[33 <./Rekenen_met_planten_files/Rekenen_met_planten_10_56.png>]
Underfull \hbox (badness 10000) in paragraph at lines 715--716

 []


<Rekenen_met_planten_files/Rekenen_met_planten_10_60.png, id=218, 508.90125pt x
 366.36874pt>
File: Rekenen_met_planten_files/Rekenen_met_planten_10_60.png Graphic file (typ
e png)
 <use Rekenen_met_planten_files/Rekenen_met_planten_10_60.png>
Package pdftex.def Info: Rekenen_met_planten_files/Rekenen_met_planten_10_60.pn
g used on input line 723.
(pdftex.def)             Requested size: 508.90001pt x 366.36784pt.

[34 <./Rekenen_met_planten_files/Rekenen_met_planten_10_58.png>]
Underfull \hbox (badness 10000) in paragraph at lines 725--726

 []


<Rekenen_met_planten_files/Rekenen_met_planten_10_62.png, id=224, 508.90125pt x
 366.36874pt>
File: Rekenen_met_planten_files/Rekenen_met_planten_10_62.png Graphic file (typ
e png)
 <use Rekenen_met_planten_files/Rekenen_met_planten_10_62.png>
Package pdftex.def Info: Rekenen_met_planten_files/Rekenen_met_planten_10_62.pn
g used on input line 733.
(pdftex.def)             Requested size: 508.90001pt x 366.36784pt.

[35 <./Rekenen_met_planten_files/Rekenen_met_planten_10_60.png>]
Underfull \hbox (badness 10000) in paragraph at lines 735--736

 []


<Rekenen_met_planten_files/Rekenen_met_planten_10_64.png, id=230, 508.90125pt x
 366.36874pt>
File: Rekenen_met_planten_files/Rekenen_met_planten_10_64.png Graphic file (typ
e png)
 <use Rekenen_met_planten_files/Rekenen_met_planten_10_64.png>
Package pdftex.def Info: Rekenen_met_planten_files/Rekenen_met_planten_10_64.pn
g used on input line 743.
(pdftex.def)             Requested size: 508.90001pt x 366.36784pt.

[36 <./Rekenen_met_planten_files/Rekenen_met_planten_10_62.png>]
Underfull \hbox (badness 10000) in paragraph at lines 745--746

 []


<Rekenen_met_planten_files/Rekenen_met_planten_10_66.png, id=236, 514.92375pt x
 366.36874pt>
File: Rekenen_met_planten_files/Rekenen_met_planten_10_66.png Graphic file (typ
e png)
 <use Rekenen_met_planten_files/Rekenen_met_planten_10_66.png>
Package pdftex.def Info: Rekenen_met_planten_files/Rekenen_met_planten_10_66.pn
g used on input line 753.
(pdftex.def)             Requested size: 514.92249pt x 366.36784pt.

[37 <./Rekenen_met_planten_files/Rekenen_met_planten_10_64.png>]
Underfull \hbox (badness 10000) in paragraph at lines 755--756

 []


<Rekenen_met_planten_files/Rekenen_met_planten_10_68.png, id=243, 508.90125pt x
 366.36874pt>
File: Rekenen_met_planten_files/Rekenen_met_planten_10_68.png Graphic file (typ
e png)
 <use Rekenen_met_planten_files/Rekenen_met_planten_10_68.png>
Package pdftex.def Info: Rekenen_met_planten_files/Rekenen_met_planten_10_68.pn
g used on input line 763.
(pdftex.def)             Requested size: 508.90001pt x 366.36784pt.

[38 <./Rekenen_met_planten_files/Rekenen_met_planten_10_66.png>]
Underfull \hbox (badness 10000) in paragraph at lines 765--766

 []


<Rekenen_met_planten_files/Rekenen_met_planten_10_70.png, id=249, 508.90125pt x
 366.36874pt>
File: Rekenen_met_planten_files/Rekenen_met_planten_10_70.png Graphic file (typ
e png)
 <use Rekenen_met_planten_files/Rekenen_met_planten_10_70.png>
Package pdftex.def Info: Rekenen_met_planten_files/Rekenen_met_planten_10_70.pn
g used on input line 773.
(pdftex.def)             Requested size: 508.90001pt x 366.36784pt.

[39 <./Rekenen_met_planten_files/Rekenen_met_planten_10_68.png>]
Underfull \hbox (badness 10000) in paragraph at lines 775--776

 []


<Rekenen_met_planten_files/Rekenen_met_planten_10_72.png, id=255, 508.90125pt x
 366.36874pt>
File: Rekenen_met_planten_files/Rekenen_met_planten_10_72.png Graphic file (typ
e png)
 <use Rekenen_met_planten_files/Rekenen_met_planten_10_72.png>
Package pdftex.def Info: Rekenen_met_planten_files/Rekenen_met_planten_10_72.pn
g used on input line 783.
(pdftex.def)             Requested size: 508.90001pt x 366.36784pt.

[40 <./Rekenen_met_planten_files/Rekenen_met_planten_10_70.png>]
Underfull \hbox (badness 10000) in paragraph at lines 785--786

 []


<Rekenen_met_planten_files/Rekenen_met_planten_10_74.png, id=261, 508.90125pt x
 366.36874pt>
File: Rekenen_met_planten_files/Rekenen_met_planten_10_74.png Graphic file (typ
e png)
 <use Rekenen_met_planten_files/Rekenen_met_planten_10_74.png>
Package pdftex.def Info: Rekenen_met_planten_files/Rekenen_met_planten_10_74.pn
g used on input line 793.
(pdftex.def)             Requested size: 508.90001pt x 366.36784pt.

[41 <./Rekenen_met_planten_files/Rekenen_met_planten_10_72.png>]
Underfull \hbox (badness 10000) in paragraph at lines 795--796

 []


<Rekenen_met_planten_files/Rekenen_met_planten_10_76.png, id=267, 508.90125pt x
 366.36874pt>
File: Rekenen_met_planten_files/Rekenen_met_planten_10_76.png Graphic file (typ
e png)
 <use Rekenen_met_planten_files/Rekenen_met_planten_10_76.png>
Package pdftex.def Info: Rekenen_met_planten_files/Rekenen_met_planten_10_76.pn
g used on input line 803.
(pdftex.def)             Requested size: 508.90001pt x 366.36784pt.

[42 <./Rekenen_met_planten_files/Rekenen_met_planten_10_74.png>]
Underfull \hbox (badness 10000) in paragraph at lines 805--806

 []


<Rekenen_met_planten_files/Rekenen_met_planten_10_78.png, id=273, 508.90125pt x
 366.36874pt>
File: Rekenen_met_planten_files/Rekenen_met_planten_10_78.png Graphic file (typ
e png)
 <use Rekenen_met_planten_files/Rekenen_met_planten_10_78.png>
Package pdftex.def Info: Rekenen_met_planten_files/Rekenen_met_planten_10_78.pn
g used on input line 813.
(pdftex.def)             Requested size: 508.90001pt x 366.36784pt.

[43 <./Rekenen_met_planten_files/Rekenen_met_planten_10_76.png>]
Underfull \hbox (badness 10000) in paragraph at lines 815--816

 []


<Rekenen_met_planten_files/Rekenen_met_planten_10_80.png, id=280, 508.90125pt x
 366.36874pt>
File: Rekenen_met_planten_files/Rekenen_met_planten_10_80.png Graphic file (typ
e png)
 <use Rekenen_met_planten_files/Rekenen_met_planten_10_80.png>
Package pdftex.def Info: Rekenen_met_planten_files/Rekenen_met_planten_10_80.pn
g used on input line 823.
(pdftex.def)             Requested size: 508.90001pt x 366.36784pt.

[44 <./Rekenen_met_planten_files/Rekenen_met_planten_10_78.png>]
Underfull \hbox (badness 10000) in paragraph at lines 825--826

 []


<Rekenen_met_planten_files/Rekenen_met_planten_10_82.png, id=286, 508.90125pt x
 366.36874pt>
File: Rekenen_met_planten_files/Rekenen_met_planten_10_82.png Graphic file (typ
e png)
 <use Rekenen_met_planten_files/Rekenen_met_planten_10_82.png>
Package pdftex.def Info: Rekenen_met_planten_files/Rekenen_met_planten_10_82.pn
g used on input line 833.
(pdftex.def)             Requested size: 508.90001pt x 366.36784pt.

[45 <./Rekenen_met_planten_files/Rekenen_met_planten_10_80.png>]
Underfull \hbox (badness 10000) in paragraph at lines 835--836

 []


<Rekenen_met_planten_files/Rekenen_met_planten_10_84.png, id=292, 508.90125pt x
 366.36874pt>
File: Rekenen_met_planten_files/Rekenen_met_planten_10_84.png Graphic file (typ
e png)
 <use Rekenen_met_planten_files/Rekenen_met_planten_10_84.png>
Package pdftex.def Info: Rekenen_met_planten_files/Rekenen_met_planten_10_84.pn
g used on input line 843.
(pdftex.def)             Requested size: 508.90001pt x 366.36784pt.

[46 <./Rekenen_met_planten_files/Rekenen_met_planten_10_82.png>]
Underfull \hbox (badness 10000) in paragraph at lines 845--846

 []


<Rekenen_met_planten_files/Rekenen_met_planten_10_86.png, id=298, 508.90125pt x
 366.36874pt>
File: Rekenen_met_planten_files/Rekenen_met_planten_10_86.png Graphic file (typ
e png)
 <use Rekenen_met_planten_files/Rekenen_met_planten_10_86.png>
Package pdftex.def Info: Rekenen_met_planten_files/Rekenen_met_planten_10_86.pn
g used on input line 853.
(pdftex.def)             Requested size: 508.90001pt x 366.36784pt.

[47 <./Rekenen_met_planten_files/Rekenen_met_planten_10_84.png>]
Underfull \hbox (badness 10000) in paragraph at lines 855--856

 []


<Rekenen_met_planten_files/Rekenen_met_planten_10_88.png, id=304, 508.90125pt x
 366.36874pt>
File: Rekenen_met_planten_files/Rekenen_met_planten_10_88.png Graphic file (typ
e png)
 <use Rekenen_met_planten_files/Rekenen_met_planten_10_88.png>
Package pdftex.def Info: Rekenen_met_planten_files/Rekenen_met_planten_10_88.pn
g used on input line 863.
(pdftex.def)             Requested size: 508.90001pt x 366.36784pt.

[48 <./Rekenen_met_planten_files/Rekenen_met_planten_10_86.png>]
Underfull \hbox (badness 10000) in paragraph at lines 865--866

 []


<Rekenen_met_planten_files/Rekenen_met_planten_10_90.png, id=310, 508.90125pt x
 366.36874pt>
File: Rekenen_met_planten_files/Rekenen_met_planten_10_90.png Graphic file (typ
e png)
 <use Rekenen_met_planten_files/Rekenen_met_planten_10_90.png>
Package pdftex.def Info: Rekenen_met_planten_files/Rekenen_met_planten_10_90.pn
g used on input line 873.
(pdftex.def)             Requested size: 508.90001pt x 366.36784pt.

[49 <./Rekenen_met_planten_files/Rekenen_met_planten_10_88.png>]
Underfull \hbox (badness 10000) in paragraph at lines 875--876

 []


<Rekenen_met_planten_files/Rekenen_met_planten_10_92.png, id=317, 508.90125pt x
 366.36874pt>
File: Rekenen_met_planten_files/Rekenen_met_planten_10_92.png Graphic file (typ
e png)
 <use Rekenen_met_planten_files/Rekenen_met_planten_10_92.png>
Package pdftex.def Info: Rekenen_met_planten_files/Rekenen_met_planten_10_92.pn
g used on input line 883.
(pdftex.def)             Requested size: 508.90001pt x 366.36784pt.

[50 <./Rekenen_met_planten_files/Rekenen_met_planten_10_90.png>]
Underfull \hbox (badness 10000) in paragraph at lines 885--886

 []


<Rekenen_met_planten_files/Rekenen_met_planten_10_94.png, id=323, 508.90125pt x
 366.36874pt>
File: Rekenen_met_planten_files/Rekenen_met_planten_10_94.png Graphic file (typ
e png)
 <use Rekenen_met_planten_files/Rekenen_met_planten_10_94.png>
Package pdftex.def Info: Rekenen_met_planten_files/Rekenen_met_planten_10_94.pn
g used on input line 893.
(pdftex.def)             Requested size: 508.90001pt x 366.36784pt.

[51 <./Rekenen_met_planten_files/Rekenen_met_planten_10_92.png>]
Underfull \hbox (badness 10000) in paragraph at lines 895--896

 []


<Rekenen_met_planten_files/Rekenen_met_planten_10_96.png, id=329, 508.90125pt x
 366.36874pt>
File: Rekenen_met_planten_files/Rekenen_met_planten_10_96.png Graphic file (typ
e png)
 <use Rekenen_met_planten_files/Rekenen_met_planten_10_96.png>
Package pdftex.def Info: Rekenen_met_planten_files/Rekenen_met_planten_10_96.pn
g used on input line 903.
(pdftex.def)             Requested size: 508.90001pt x 366.36784pt.

[52 <./Rekenen_met_planten_files/Rekenen_met_planten_10_94.png>]
Underfull \hbox (badness 10000) in paragraph at lines 905--906

 []

[53 <./Rekenen_met_planten_files/Rekenen_met_planten_10_96.png>]
<Rekenen_met_planten_files/Rekenen_met_planten_12_0.png, id=340, 517.935pt x 37
1.3875pt>
File: Rekenen_met_planten_files/Rekenen_met_planten_12_0.png Graphic file (type
 png)
 <use Rekenen_met_planten_files/Rekenen_met_planten_12_0.png>
Package pdftex.def Info: Rekenen_met_planten_files/Rekenen_met_planten_12_0.png
 used on input line 963.
(pdftex.def)             Requested size: 517.93372pt x 371.38658pt.

Underfull \hbox (badness 10000) in paragraph at lines 965--966

 []


<Rekenen_met_planten_files/Rekenen_met_planten_12_1.png, id=341, 488.82625pt x 
342.27875pt>
File: Rekenen_met_planten_files/Rekenen_met_planten_12_1.png Graphic file (type
 png)
 <use Rekenen_met_planten_files/Rekenen_met_planten_12_1.png>
Package pdftex.def Info: Rekenen_met_planten_files/Rekenen_met_planten_12_1.png
 used on input line 968.
(pdftex.def)             Requested size: 488.82504pt x 342.2779pt.

[54 <./Rekenen_met_planten_files/Rekenen_met_planten_12_0.png>]
Underfull \hbox (badness 10000) in paragraph at lines 970--971

 []

LaTeX Font Info:    Try loading font information for OMS+cmtt on input line 988
.
LaTeX Font Info:    No file OMScmtt.fd. on input line 988.

LaTeX Font Warning: Font shape `OMS/cmtt/m/n' undefined
(Font)              using `OMS/cmsy/m/n' instead
(Font)              for symbol `textbackslash' on input line 988.

[55 <./Rekenen_met_planten_files/Rekenen_met_planten_12_1.png>]
<Rekenen_met_planten_files/Rekenen_met_planten_15_0.png, id=353, 516.93124pt x 
366.36874pt>
File: Rekenen_met_planten_files/Rekenen_met_planten_15_0.png Graphic file (type
 png)
 <use Rekenen_met_planten_files/Rekenen_met_planten_15_0.png>
Package pdftex.def Info: Rekenen_met_planten_files/Rekenen_met_planten_15_0.png
 used on input line 1033.
(pdftex.def)             Requested size: 516.92998pt x 366.36784pt.

Underfull \hbox (badness 10000) in paragraph at lines 1035--1036

 []

[56 <./Rekenen_met_planten_files/Rekenen_met_planten_15_0.png>]
Package atveryend Info: Empty hook `BeforeClearDocument' on input line 1068.
 [57]
Package atveryend Info: Empty hook `AfterLastShipout' on input line 1068.

(./Rekenen_met_planten.aux)
Package atveryend Info: Executing hook `AtVeryEndDocument' on input line 1068.
Package atveryend Info: Executing hook `AtEndAfterFileList' on input line 1068.

Package rerunfilecheck Info: File `Rekenen_met_planten.out' has not changed.
(rerunfilecheck)             Checksum: 7BEA4FE4AC51BE80540F3791D69C1F0D;58.


LaTeX Font Warning: Some font shapes were not available, defaults substituted.

Package atveryend Info: Empty hook `AtVeryVeryEnd' on input line 1068.
 ) 
Here is how much of TeX's memory you used:
 8411 strings out of 493315
 134372 string characters out of 6137904
 228324 words of memory out of 5000000
 11659 multiletter control sequences out of 15000+600000
 9525 words of font info for 37 fonts, out of 8000000 for 9000
 957 hyphenation exceptions out of 8191
 36i,6n,35p,607b,460s stack positions out of 5000i,500n,10000p,200000b,80000s
</usr/local/texlive/2013/texmf-dist/fonts/type1/public/amsfonts/cm/cmbx12.pfb
></usr/local/texlive/2013/texmf-dist/fonts/type1/public/amsfonts/cm/cmitt10.pfb
></usr/local/texlive/2013/texmf-dist/fonts/type1/public/amsfonts/cm/cmr10.pfb><
/usr/local/texlive/2013/texmf-dist/fonts/type1/public/amsfonts/cm/cmr12.pfb></u
sr/local/texlive/2013/texmf-dist/fonts/type1/public/amsfonts/cm/cmr17.pfb></usr
/local/texlive/2013/texmf-dist/fonts/type1/public/amsfonts/cm/cmsy10.pfb></usr/
local/texlive/2013/texmf-dist/fonts/type1/public/amsfonts/cm/cmtt10.pfb>
Output written on Rekenen_met_planten.pdf (57 pages, 1425643 bytes).
PDF statistics:
 405 PDF objects out of 1000 (max. 8388607)
 228 compressed objects within 3 object streams
 59 named destinations out of 1000 (max. 500000)
 279 words of extra memory for PDF output out of 10000 (max. 10000000)

